The model is build like:

=================================================================
Layer (type:depth-idx)                   Param #
=================================================================
ShockTubeSodPINN                         --
©À©¤FCNet: 1-1                             --
©¦    ©¸©¤Tanh: 2-1                         --
©¦    ©¸©¤Sequential: 2-2                   --
©¦    ©¦    ©¸©¤Linear: 3-1                  90
©¦    ©¦    ©¸©¤Tanh: 3-2                    --
©¦    ©¦    ©¸©¤Linear: 3-3                  930
©¦    ©¦    ©¸©¤Tanh: 3-4                    --
©¦    ©¦    ©¸©¤Linear: 3-5                  930
©¦    ©¦    ©¸©¤Tanh: 3-6                    --
©¦    ©¦    ©¸©¤Linear: 3-7                  930
©¦    ©¦    ©¸©¤Tanh: 3-8                    --
©¦    ©¦    ©¸©¤Linear: 3-9                  930
©¦    ©¦    ©¸©¤Tanh: 3-10                   --
©¦    ©¦    ©¸©¤Linear: 3-11                 930
©¦    ©¦    ©¸©¤Tanh: 3-12                   --
©¦    ©¦    ©¸©¤Linear: 3-13                 930
©¦    ©¦    ©¸©¤Tanh: 3-14                   --
©¦    ©¦    ©¸©¤Linear: 3-15                 93
=================================================================
Total params: 5,763
Trainable params: 5,763
Non-trainable params: 0
=================================================================

Start Train .....


Elapsed [0:00:09], Iteration [200/5000], PINNs/loss: 7.87e-02, PINNs/loss_f: 4.71e-03, PINNs/loss_ic: 7.40e-03

Elapsed [0:00:16], Iteration [400/5000], PINNs/loss: 3.54e-02, PINNs/loss_f: 2.34e-03, PINNs/loss_ic: 3.31e-03

Elapsed [0:00:24], Iteration [600/5000], PINNs/loss: 2.04e-02, PINNs/loss_f: 1.78e-03, PINNs/loss_ic: 1.86e-03

Elapsed [0:00:31], Iteration [800/5000], PINNs/loss: 1.32e-02, PINNs/loss_f: 1.48e-03, PINNs/loss_ic: 1.17e-03

Elapsed [0:00:38], Iteration [1000/5000], PINNs/loss: 8.20e-03, PINNs/loss_f: 8.70e-04, PINNs/loss_ic: 7.33e-04

Elapsed [0:00:46], Iteration [1200/5000], PINNs/loss: 5.40e-03, PINNs/loss_f: 5.41e-04, PINNs/loss_ic: 4.86e-04

Elapsed [0:00:53], Iteration [1400/5000], PINNs/loss: 3.94e-03, PINNs/loss_f: 4.16e-04, PINNs/loss_ic: 3.52e-04

Elapsed [0:01:01], Iteration [1600/5000], PINNs/loss: 3.06e-03, PINNs/loss_f: 3.36e-04, PINNs/loss_ic: 2.73e-04

Elapsed [0:01:08], Iteration [1800/5000], PINNs/loss: 2.48e-03, PINNs/loss_f: 2.78e-04, PINNs/loss_ic: 2.20e-04

Elapsed [0:01:15], Iteration [2000/5000], PINNs/loss: 2.06e-03, PINNs/loss_f: 2.34e-04, PINNs/loss_ic: 1.82e-04
Saved model checkpoints into ./model/shock_tube...

Elapsed [0:01:22], Iteration [2200/5000], PINNs/loss: 1.73e-03, PINNs/loss_f: 2.00e-04, PINNs/loss_ic: 1.53e-04

Elapsed [0:01:29], Iteration [2400/5000], PINNs/loss: 1.48e-03, PINNs/loss_f: 1.74e-04, PINNs/loss_ic: 1.30e-04

Elapsed [0:01:36], Iteration [2600/5000], PINNs/loss: 1.27e-03, PINNs/loss_f: 1.56e-04, PINNs/loss_ic: 1.12e-04

Elapsed [0:01:43], Iteration [2800/5000], PINNs/loss: 1.11e-03, PINNs/loss_f: 1.41e-04, PINNs/loss_ic: 9.66e-05

Elapsed [0:01:51], Iteration [3000/5000], PINNs/loss: 9.69e-04, PINNs/loss_f: 1.28e-04, PINNs/loss_ic: 8.42e-05

Elapsed [0:01:58], Iteration [3200/5000], PINNs/loss: 8.56e-04, PINNs/loss_f: 1.17e-04, PINNs/loss_ic: 7.39e-05

Elapsed [0:02:05], Iteration [3400/5000], PINNs/loss: 7.62e-04, PINNs/loss_f: 1.08e-04, PINNs/loss_ic: 6.54e-05

Elapsed [0:02:13], Iteration [3600/5000], PINNs/loss: 6.85e-04, PINNs/loss_f: 1.01e-04, PINNs/loss_ic: 5.84e-05

Elapsed [0:02:21], Iteration [3800/5000], PINNs/loss: 6.21e-04, PINNs/loss_f: 9.49e-05, PINNs/loss_ic: 5.26e-05

Elapsed [0:02:28], Iteration [4000/5000], PINNs/loss: 5.67e-04, PINNs/loss_f: 8.97e-05, PINNs/loss_ic: 4.77e-05
Saved model checkpoints into ./model/shock_tube...

Elapsed [0:02:36], Iteration [4200/5000], PINNs/loss: 5.21e-04, PINNs/loss_f: 8.49e-05, PINNs/loss_ic: 4.36e-05

Elapsed [0:02:43], Iteration [4400/5000], PINNs/loss: 4.82e-04, PINNs/loss_f: 8.04e-05, PINNs/loss_ic: 4.01e-05

Elapsed [0:02:51], Iteration [4600/5000], PINNs/loss: 4.47e-04, PINNs/loss_f: 7.60e-05, PINNs/loss_ic: 3.71e-05

Elapsed [0:02:59], Iteration [4800/5000], PINNs/loss: 4.16e-04, PINNs/loss_f: 7.23e-05, PINNs/loss_ic: 3.44e-05

Elapsed [0:03:06], Iteration [5000/5000], PINNs/loss: 3.88e-04, PINNs/loss_f: 6.90e-05, PINNs/loss_ic: 3.19e-05
